<?xml version="1.0" encoding="UTF-8"?>
<!-- Generated by org.testng.reporters.JUnitReportReporter -->
<testsuite hostname="INHYNSVUPPALA01" failures="0" tests="3" name="Test.Day4" time="0.002" errors="0" timestamp="2025-01-09T10:52:20 IST" skipped="0">
  <testcase classname="Test.Day4" name="MobileLoginHomeLoan" time="0.001"/>
  <testcase classname="Test.Day4" name="WebloginHomeLoan" time="0.001"/>
  <testcase classname="Test.Day4" name="LoginAPIHomeLoan" time="0.000"/>
</testsuite> <!-- Test.Day4 -->
