<?xml version="1.0" encoding="UTF-8"?>
<!-- Generated by org.testng.reporters.JUnitReportReporter -->
<testsuite hostname="INHYNSVUPPALA01" failures="0" tests="7" name="Test.Day3" time="0.022" errors="0" timestamp="2025-01-09T10:52:20 IST" skipped="1">
  <testcase classname="Test.Day3" name="LoginAPILoan" time="0.009"/>
  <testcase classname="Test.Day3" name="MobileLoginLoanSignout" time="0.002"/>
  <testcase classname="Test.Day3" name="MobileLoginLoan" time="0.002"/>
  <testcase classname="Test.Day3" name="WebloginLoan" time="0.003"/>
  <testcase classname="Test.Day3" name="MobileLoginLoanSignout" time="0.002"/>
  <testcase classname="Test.Day3" name="MobileLoginLoanSignout" time="0.004"/>
  <testcase classname="Test.Day3" name="MobileLoginLoanSignin">
    <skipped/>
  </testcase> <!-- MobileLoginLoanSignin -->
</testsuite> <!-- Test.Day3 -->
