<?xml version="1.0" encoding="UTF-8"?>
<!-- Generated by org.testng.reporters.JUnitReportReporter -->
<testsuite hostname="INHYNSVUPPALA01" failures="0" tests="1" name="Test.Day2" time="0.001" errors="0" timestamp="2025-01-09T10:52:20 IST" skipped="0">
  <testcase classname="Test.Day2" name="Demo2" time="0.001"/>
</testsuite> <!-- Test.Day2 -->
